<?xml version="1.0" encoding="UTF-8"?>
<!-- Generated by org.testng.reporters.JUnitReportReporter -->
<testsuite hostname="DESKTOP-5HUH47P" failures="0" tests="1" name="Simpletest" time="9.869" errors="0" timestamp="2025-07-08T07:49:46 IST" skipped="0">
  <testcase classname="Simpletest" name="simple_Test" time="9.869"/>
  <system-out/>
</testsuite> <!-- Simpletest -->
